<?xml version="1.0" encoding="UTF-8"?>
<!-- Generated by org.testng.reporters.JUnitXMLReporter -->
<testsuite ignored="0" hostname="VasanthiHemadri" failures="0" tests="3" name="Default test" time="317.947" errors="0" timestamp="2023-04-24T16:59:01 EDT">
  <testcase classname="HypoThyroidism" name="addonFilter" time="122.857"/>
  <testcase classname="HypoThyroidism" name="allergyFilter" time="127.155"/>
  <testcase classname="HypoThyroidism" name="eliminationFilter" time="54.832"/>
</testsuite> <!-- Default test -->
